<?xml version="1.0" encoding="UTF-8"?>
<!-- Generated by org.testng.reporters.JUnitXMLReporter -->
<testsuite hostname="DESKTOP-0AA0O4F" ignored="0" name="Free CRM App Test Cases One" tests="3" failures="0" timestamp="10 Jun 2020 05:27:48 GMT" time="57.976" errors="0">
  <testcase name="loginPageTitleTest" time="0.057" classname="com.crm.qa.testcases.LoginPageTest"/>
  <testcase name="crmLogoImageTest" time="0.184" classname="com.crm.qa.testcases.LoginPageTest"/>
  <testcase name="loginTest" time="6.247" classname="com.crm.qa.testcases.LoginPageTest"/>
</testsuite> <!-- Free CRM App Test Cases One -->
