<?xml version="1.0" encoding="UTF-8"?>
<!-- Generated by org.testng.reporters.JUnitXMLReporter -->
<testsuite hostname="DESKTOP-0AA0O4F" ignored="0" name="Free CRM App Test Cases Three" tests="2" failures="0" timestamp="10 Jun 2020 05:29:48 GMT" time="48.237" errors="0">
  <testcase name="verifyContactLabelTest" time="0.084" classname="com.crm.qa.testcases.ContactPageTest"/>
  <testcase name="tickCheckBoxValue" time="0.116" classname="com.crm.qa.testcases.ContactPageTest"/>
</testsuite> <!-- Free CRM App Test Cases Three -->
