<?xml version="1.0" encoding="UTF-8"?>
<!-- Generated by org.testng.reporters.JUnitXMLReporter -->
<testsuite hostname="DESKTOP-0AA0O4F" ignored="0" name="Default test" tests="4" failures="0" timestamp="14 Jun 2020 13:56:36 GMT" time="119.926" errors="0">
  <testcase name="verifyContactLabelTest" time="0.112" classname="com.crm.qa.testcases.ContactPageTest"/>
  <testcase name="validateCreateNewContact" time="4.786" classname="com.crm.qa.testcases.ContactPageTest"/>
  <testcase name="validateCreateNewContact" time="5.561" classname="com.crm.qa.testcases.ContactPageTest"/>
  <testcase name="validateCreateNewContact" time="5.75" classname="com.crm.qa.testcases.ContactPageTest"/>
</testsuite> <!-- Default test -->
