<?xml version="1.0" encoding="UTF-8"?>
<!-- Generated by org.testng.reporters.JUnitXMLReporter -->
<testsuite hostname="DESKTOP-0AA0O4F" ignored="0" name="Default test" tests="3" failures="0" timestamp="12 Jun 2020 15:15:03 GMT" time="53.753" errors="0">
  <testcase name="loginPageTitleTest" time="0.037" classname="com.crm.qa.testcases.LoginPageTest"/>
  <testcase name="crmLogoImageTest" time="0.123" classname="com.crm.qa.testcases.LoginPageTest"/>
  <testcase name="loginTest" time="7.095" classname="com.crm.qa.testcases.LoginPageTest"/>
</testsuite> <!-- Default test -->
